13-03-2023	53:1:07 ---- GET---- /v1/services/getMethods/121---Not found!
13-03-2023	55:1:07 ---- GET---- /v1/services/getMethods/121---Not found!
18-03-2023	58:22:07 ---- POST---- /v1/users---Cannot destructure property 'email' of 'req.body' as it is undefined.
18-03-2023	10:25:07 ---- POST---- /v1/users---Cannot destructure property 'email' of 'req.body' as it is undefined.
18-03-2023	07:26:07 ---- GET---- /v1/services/getStatics/123---Not found!
18-03-2023	22:29:07 ---- POST---- /v1/users---Cannot destructure property 'email' of 'req.body' as it is undefined.
18-03-2023	37:29:07 ---- POST---- /v1/users---Cannot destructure property 'email' of 'req.body' as it is undefined.
18-03-2023	32:31:10 ---- POST---- /v1/users---Cannot destructure property 'email' of 'req.body' as it is undefined.
18-03-2023	48:32:10 ---- POST---- /v1/users---Cannot destructure property 'email' of 'req.body' as it is undefined.
18-03-2023	22:33:10 ---- POST---- /v1/users---Cannot destructure property 'email' of 'req.body' as it is undefined.
18-03-2023	58:35:10 ---- POST---- /v1/users---Cannot read properties of undefined (reading 'email')
18-03-2023	27:42:10 ---- POST---- /v1/users---Cannot destructure property 'email' of 'req.body' as it is undefined.
18-03-2023	24:43:10 ---- POST---- /v1/users---Cannot destructure property 'email' of 'req.body' as it is undefined.
18-03-2023	22:45:10 ---- POST---- /v1/users---Cannot destructure property 'email' of 'req.body' as it is undefined.
18-03-2023	58:45:10 ---- POST---- /v1/users---Unexpected token } in JSON at position 76
18-03-2023	08:47:10 ---- POST---- /v1/users---Unexpected token } in JSON at position 76
18-03-2023	29:48:10 ---- POST---- /v1/users---Unexpected token } in JSON at position 76
18-03-2023	41:49:10 ---- POST---- /v1/users---Unexpected token } in JSON at position 76
18-03-2023	21:50:10 ---- POST---- /v1/user---Unexpected token } in JSON at position 76
18-03-2023	55:53:10 ---- POST---- /v1/users---Unexpected token } in JSON at position 76
18-03-2023	08:57:10 ---- POST---- /v1/users---users validation failed: userId: Path `userId` is required.
18-03-2023	01:59:10 ---- POST---- /v1/users---Cannot destructure property 'email' of 'req.body' as it is undefined.
18-03-2023	10:1:11 ---- POST---- /v1/users---Unexpected token } in JSON at position 76
18-03-2023	36:9:11 ---- GET---- /v1/services/getStatics/123---Not found!
18-03-2023	45:9:11 ---- GET---- /v1/services/getStatics/123---Not found!
18-03-2023	46:9:11 ---- GET---- /favicon.ico---Not found!
18-03-2023	52:9:11 ---- GET---- /v1/services/getStatics/123---Not found!
19-03-2023	10:4:12 ---- POST---- /v1/users---users validation failed: userId: Path `userId` is required.
19-03-2023	27:5:12 ---- POST---- /v1/users---otp is not defined
19-03-2023	47:5:12 ---- POST---- /v1/users---otp is not defined
24-03-2023	34:28:10 ---- POST---- /v1/users/verifyOtp---Not found!
24-03-2023	07:29:10 ---- POST---- /v1/users/verifyOtp---Not found!
24-03-2023	32:29:10 ---- POST---- /v1/users/verifyOtp---Not found!
24-03-2023	25:30:10 ---- POST---- /v1/users/verifyOtp---Not found!
24-03-2023	46:33:10 ---- POST---- /v1/users/verifyOtp---Cannot destructure property 'code' of '(intermediate value)' as it is undefined.
16-04-2023	24:30:12 ---- PUT---- /v1/products---product validation failed: productId: Path `productId` is required.
16-04-2023	03:31:12 ---- PUT---- /v1/products---product validation failed: productId: Path `productId` is required.
16-04-2023	03:32:12 ---- PUT---- /v1/products---product validation failed: productId: Path `productId` is required.
16-04-2023	55:32:12 ---- PUT---- /v1/products---product validation failed: productId: Path `productId` is required.
16-04-2023	15:41:08 ---- PUT---- /v1/eccommerce/addToCart---quantity is not defined
16-04-2023	54:41:08 ---- PUT---- /v1/eccommerce/addToCart---quantity is not defined
16-04-2023	34:42:08 ---- PUT---- /v1/eccommerce/addToCart---Cast to Number failed for value "NaN" (type number) at path "quantity"
16-04-2023	00:43:08 ---- PUT---- /v1/eccommerce/addToCart---Cast to Number failed for value "NaN" (type number) at path "quantity"
16-04-2023	16:44:08 ---- PUT---- /v1/eccommerce/addToCart---Cast to Number failed for value "NaN" (type number) at path "quantity"
16-04-2023	51:54:09 ---- PUT---- /v1/eccommerce/addToCart---Cast to Number failed for value "NaN" (type number) at path "quantity"
17-04-2023	46:41:06 ---- PUT---- /v1/eccommerce/addToCart---Cast to Number failed for value "NaN" (type number) at path "quantity"
17-04-2023	52:43:06 ---- PUT---- /v1/eccommerce/addToCart---Cast to Number failed for value "NaN" (type number) at path "quantity"
17-04-2023	38:39:08 ---- GET---- /api---req.headers is not a function
17-04-2023	39:39:08 ---- GET---- /api---req.headers is not a function
17-04-2023	39:39:08 ---- GET---- /api---req.headers is not a function
17-04-2023	49:41:08 ---- GET---- /api---incr is not a function
17-04-2023	50:41:08 ---- GET---- /api---incr is not a function
18-04-2023	45:39:09 ---- GET---- /api---incr is not a function
22-05-2023	56:33:03 ---- POST---- /v1/api//shop/signup---Cannot read properties of undefined (reading 'signUp')
22-05-2023	19:36:03 ---- POST---- /v1/api//shop/signup---Cannot read properties of undefined (reading 'signUp')
22-05-2023	29:53:03 ---- POST---- /v1/users---users validation failed: userId: Path `userId` is required.
22-05-2023	51:0:04 ---- GET---- /v1/users---Not found!
22-05-2023	52:0:04 ---- GET---- /favicon.ico---Not found!
22-05-2023	52:0:04 ---- GET---- /v1/users---Not found!
22-05-2023	57:8:04 ---- POST---- /v1/api//shop/signup---AccessService.signUp is not a function
22-05-2023	44:44:07 ---- POST---- /v1/api//shop/signup---AccessService.signUp is not a function
06-08-2023	56:4:10 ---- POST---- /v1/api//shop/signup---Cannot set headers after they are sent to the client
06-08-2023	43:5:10 ---- POST---- /v1/api//shop/signup---Cannot set headers after they are sent to the client
06-08-2023	26:6:10 ---- POST---- /v1/api//shop/signup---Cannot set headers after they are sent to the client
06-08-2023	19:7:10 ---- POST---- /v1/api//shop/signup---Cannot set headers after they are sent to the client
10-08-2023	33:24:09 ---- POST---- /v1/api//shop/signup---Cannot read properties of null (reading 'permissions')
10-08-2023	05:25:09 ---- POST---- /v1/api//shop/signup---Cannot read properties of null (reading 'permissions')
06-09-2023	04:7:09 ---- POST---- /v1/api//shop/signup---Shop are already exists
06-09-2023	53:7:09 ---- POST---- /v1/api//shop/signup---Shop are already exists
06-09-2023	35:8:09 ---- POST---- /v1/api//shop/signup---Shop are already exists
06-09-2023	16:27:09 ---- POST---- /v1/api//shop/signup/eeee---Not Found
06-09-2023	36:27:09 ---- POST---- /v1/api//shop/signup---Shop are already exists
06-09-2023	56:29:09 ---- POST---- /v1/api//shop/signup---a is not defined
06-09-2023	25:34:09 ---- POST---- /v1/api//shop/signup---a is not defined
06-09-2023	47:35:09 ---- POST---- /v1/api//shop/signup---a is not defined
07-09-2023	24:15:08 ---- POST---- /v1/api//shop/signup---Shop are already exists
07-09-2023	29:16:08 ---- POST---- /v1/api//shop/signup---a is not defined
07-09-2023	00:17:08 ---- POST---- /v1/api//shop/signup---a is not defined
07-09-2023	35:57:08 ---- GET---- /api---Not Found
07-09-2023	55:59:08 ---- GET---- /v1/services/getStatics/123---Not Found
07-09-2023	46:4:10 ---- POST---- /v1/users/create---Not Found
07-09-2023	48:5:10 ---- POST---- /v1/api//shop/signup---a is not defined
07-09-2023	52:6:10 ---- POST---- /v1/users/registerUser---Not Found
07-09-2023	12:7:10 ---- POST---- /v1/users/registerUser---Not Found
07-09-2023	38:8:10 ---- POST---- /v1/users/registerUser---Not Found
07-09-2023	40:9:10 ---- POST---- /v1/users/registerUser---Not Found
07-09-2023	48:10:10 ---- POST---- /v1/users/create---Not Found
07-09-2023	15:11:10 ---- POST---- /v1/users/create---Not Found
07-09-2023	55:11:10 ---- POST---- /v1/users/resgisterUser---Unexpected token } in JSON at position 34
07-09-2023	03:12:10 ---- POST---- /v1/users/resgisterUser---Not Found
07-09-2023	32:12:10 ---- POST---- /v1/users/resgisterUser---Not Found
07-09-2023	28:15:10 ---- POST---- /v1/users/resgisterUser---Not Found
07-09-2023	10:16:10 ---- POST---- /v1/users/resgisterUser---Not Found
07-09-2023	02:17:10 ---- POST---- /v1/users/resgisterUser---Not Found
07-09-2023	14:17:10 ---- POST---- /v1/users/resgisterUser---Not Found
08-09-2023	40:59:08 ---- POST---- /v1/users/resgisterUser---Not Found
21-09-2023	59:45:07 ---- POST---- /v1/api//shop/signup---a is not defined
21-09-2023	32:16:09 ---- POST---- /v1/api//shop/signup---Shop are already exists
27-09-2023	27:39:09 ---- POST---- /v1/api//shop/signup---Shop are already exists
27-09-2023	37:39:09 ---- POST---- /v1/api//shop/signup---object is not defined
27-09-2023	49:39:09 ---- POST---- /v1/api//shop/signup---Shop are already exists
27-09-2023	00:40:09 ---- POST---- /v1/api//shop/signup---object is not defined
27-09-2023	55:45:09 ---- POST---- /v1/api//shop/signup---Shop are already exists
27-09-2023	33:51:09 ---- POST---- /v1/api//shop/signup---object is not defined
30-09-2023	19:7:11 ---- POST---- /v1/api//shop/signup---Unexpected token P in JSON at position 88
30-09-2023	07:21:11 ---- POST---- /v1/api//shop/signup---Unexpected token P in JSON at position 88
30-09-2023	14:21:11 ---- POST---- /v1/api//shop/signup---Unexpected token P in JSON at position 88
30-09-2023	13:11:03 ---- POST---- /v1/api//shop/signup---crypto is not defined
30-09-2023	53:11:03 ---- POST---- /v1/api//shop/signup---Shop are already exists
30-09-2023	30:21:03 ---- POST---- /v1/api//shop/login---Shop not registered
30-09-2023	05:22:03 ---- POST---- /v1/api//shop/login---foundShops is not defined
30-09-2023	34:22:03 ---- POST---- /v1/api//shop/login---foundShop is not defined
30-09-2023	43:42:10 ---- POST---- /v1/api//shop/signup---Shop are already exists
02-10-2023	30:6:07 ---- POST---- /v1/api/shop/login---Shop not registered
02-10-2023	13:8:07 ---- POST---- /v1/api/shop/signup---Illegal arguments: undefined, number
02-10-2023	29:8:07 ---- POST---- /v1/api//shop/signup---Shop are already exists
02-10-2023	06:15:07 ---- POST---- /v1/api//shop/logout---Cannot read properties of undefined (reading 'ObjectId')
02-10-2023	06:16:07 ---- POST---- /v1/api//shop/logout---Cannot read properties of undefined (reading 'ObjectId')
02-10-2023	30:17:07 ---- POST---- /v1/api//shop/logout---Class constructor ObjectId cannot be invoked without 'new'
02-10-2023	53:18:07 ---- POST---- /v1/api//shop/logout---Class constructor ObjectId cannot be invoked without 'new'
02-10-2023	29:19:07 ---- POST---- /v1/api//shop/logout---Class constructor ObjectId cannot be invoked without 'new'
02-10-2023	34:19:07 ---- POST---- /v1/api//shop/logout---Class constructor ObjectId cannot be invoked without 'new'
02-10-2023	08:52:08 ---- POST---- /v1/api//shop/logout---keyTokenModel.remove is not a function
02-10-2023	16:53:08 ---- POST---- /v1/api//shop/logout---keyTokenModel.remove is not a function
02-10-2023	57:5:02 ---- POST---- /v1/api//shop/logout---delKey is not defined
02-10-2023	47:6:02 ---- POST---- /v1/api//shop/logout---not found keystore
02-10-2023	28:8:02 ---- POST---- /v1/api//shop/logout---not found keystore
02-10-2023	14:10:10 ---- POST---- /v1/api//shop/logout---invalid signature
02-10-2023	45:24:10 ---- POST---- /v1/api//shop/logout---not found keystore
03-10-2023	56:36:06 ---- POST---- /v1/api//shop/login---Invalid request
03-10-2023	12:37:06 ---- POST---- /v1/api//shop/signup---Invalid request
03-10-2023	16:37:06 ---- POST---- /v1/api//shop/signup---Invalid request
03-10-2023	48:21:09 ---- POST---- /v1/api//shop/logout---keyTokenModel.remove is not a function
05-10-2023	45:41:06 ---- POST---- /v1/api//shop/logout---not found keystore
05-10-2023	25:42:08 ---- POST---- /v1/api//shop/handlerRefreshToken---Shop not registered
05-10-2023	15:43:08 ---- POST---- /v1/api//shop/handlerRefreshToken---Shop not registered
05-10-2023	30:43:08 ---- POST---- /v1/api//shop/handlerRefreshToken---Shop not registered 1
05-10-2023	49:44:08 ---- POST---- /v1/api//shop/handlerRefreshToken---Shop not registered 1
05-10-2023	02:46:08 ---- POST---- /v1/api//shop/handlerRefreshToken---Shop not registered 1
05-10-2023	56:46:08 ---- POST---- /v1/api//shop/handlerRefreshToken---Shop not registered 2
05-10-2023	52:52:08 ---- POST---- /v1/api//shop/handlerRefreshToken---Shop not registered 2
05-10-2023	14:54:08 ---- POST---- /v1/api//shop/handlerRefreshToken---Shop not registered 2
05-10-2023	21:55:08 ---- POST---- /v1/api//shop/handlerRefreshToken---Shop not registered 2
05-10-2023	14:57:08 ---- POST---- /v1/api//shop/handlerRefreshToken---Shop not registered 2
05-10-2023	27:4:09 ---- POST---- /v1/api//shop/handlerRefreshToken---invalid signature
05-10-2023	32:4:09 ---- POST---- /v1/api//shop/handlerRefreshToken---invalid signature
05-10-2023	13:6:09 ---- POST---- /v1/api//shop/handlerRefreshToken---Shop not registered 2
05-10-2023	02:9:09 ---- POST---- /v1/api//shop/handlerRefreshToken---Shop not registered 2
05-10-2023	06:18:09 ---- POST---- /v1/api//shop/handlerRefreshToken---Shop not registered 2
05-10-2023	08:19:09 ---- POST---- /v1/api//shop/handlerRefreshToken---Shop not registered 2
05-10-2023	59:24:09 ---- POST---- /v1/api//shop/handlerRefreshToken---Shop not registered 2
05-10-2023	38:28:09 ---- POST---- /v1/api//shop/logout---invalid signature
05-10-2023	52:29:09 ---- POST---- /v1/api//shop/handlerRefreshToken---Shop not registered 2
05-10-2023	28:30:09 ---- POST---- /v1/api//shop/handlerRefreshToken---Shop not registered 2
06-10-2023	48:25:06 ---- POST---- /v1/api//shop/handlerRefreshToken---Shop not registered 2
06-10-2023	22:48:06 ---- POST---- /v1/api//shop/handlerRefreshToken---Shop not registered 2
06-10-2023	08:7:07 ---- POST---- /v1/api//shop/handlerRefreshToken---Invalid request
06-10-2023	56:7:07 ---- POST---- /v1/api//shop/handlerRefreshToken---Invalid request
06-10-2023	42:28:07 ---- POST---- /v1/api//shop/handlerRefreshToken---Invalid request
06-10-2023	59:29:07 ---- POST---- /v1/api//shop/handlerRefreshToken---Invalid request
06-10-2023	16:31:07 ---- POST---- /v1/api//shop/handlerRefreshToken---Invalid request
06-10-2023	28:33:07 ---- POST---- /v1/api//shop/handlerRefreshToken---Invalid request
06-10-2023	15:34:07 ---- POST---- /v1/api//shop/handlerRefreshToken---Invalid request
06-10-2023	35:34:07 ---- POST---- /v1/api//shop/handlerRefreshToken---Invalid request
06-10-2023	39:34:07 ---- POST---- /v1/api//shop/handlerRefreshToken---Invalid request
06-10-2023	38:0:08 ---- POST---- /v1/api/shop/login---Shop not registered
06-10-2023	45:0:08 ---- POST---- /v1/api/shop/login---Shop not registered
06-10-2023	34:3:08 ---- POST---- /v1/api/shop/handlerRefreshtoken---Invalid request
06-10-2023	32:5:08 ---- POST---- /v1/api/shop/handlerRefreshtoken---Invalid request
06-10-2023	04:6:08 ---- POST---- /v1/api/shop/handlerRefreshtoken---Invalid request
06-10-2023	51:6:08 ---- POST---- /v1/api/shop/handlerRefreshtoken---holderToken is not defined
06-10-2023	52:7:08 ---- POST---- /v1/api/shop/handlerRefreshtoken---Cannot read properties of undefined (reading 'refreshToken')
06-10-2023	19:9:08 ---- POST---- /v1/api/shop/handlerRefreshtoken---Cannot read properties of undefined (reading 'refreshToken')
06-10-2023	57:9:08 ---- POST---- /v1/api/shop/handlerRefreshtoken---refreshToken is not defined
06-10-2023	59:10:08 ---- POST---- /v1/api/shop/handlerRefreshtoken---Cannot read properties of undefined (reading 'refreshToken')
06-10-2023	15:11:08 ---- POST---- /v1/api/shop/handlerRefreshtoken---foundShop.update is not a function
06-10-2023	04:13:08 ---- POST---- /v1/api/shop/handlerRefreshtoken---foundShop.update is not a function
06-10-2023	46:13:08 ---- POST---- /v1/api/shop/handlerRefreshtoken---foundShop.findAndUpdate is not a function
06-10-2023	12:16:08 ---- POST---- /v1/api/shop/handlerRefreshtoken---keyStore.update is not a function
06-10-2023	59:20:08 ---- POST---- /v1/api/shop/handlerRefreshtoken---keyStore.update is not a function
06-10-2023	17:27:08 ---- POST---- /v1/api/shop/handlerRefreshtoken---keyStore.updateOne is not a function
06-10-2023	41:37:08 ---- POST---- /v1/api/shop/handlerRefreshtoken---jwt malformed
